c:\users\matth\desktop\d3d12executeindirect\src\obj\x64\debug\d3d12executeindirect.pch
c:\users\matth\desktop\d3d12executeindirect\src\obj\x64\debug\vc143.pdb
c:\users\matth\desktop\d3d12executeindirect\src\obj\x64\debug\vc143.idb
c:\users\matth\desktop\d3d12executeindirect\src\obj\x64\debug\stdafx.obj
c:\users\matth\desktop\d3d12executeindirect\src\obj\x64\debug\main.obj
c:\users\matth\desktop\d3d12executeindirect\src\obj\x64\debug\dxsample.obj
c:\users\matth\desktop\d3d12executeindirect\src\obj\x64\debug\d3d12executeindirect.obj
c:\users\matth\desktop\d3d12executeindirect\src\obj\x64\debug\win32application.obj
c:\users\matth\desktop\d3d12executeindirect\src\bin\x64\debug\shaders.hlsl
c:\users\matth\desktop\d3d12executeindirect\src\bin\x64\debug\compute.hlsl
c:\users\matth\desktop\d3d12executeindirect\src\bin\x64\debug\d3d12executeindirect.exe
c:\users\matth\desktop\d3d12executeindirect\src\bin\x64\debug\d3d12executeindirect.pdb
c:\users\matth\desktop\d3d12executeindirect\src\obj\x64\debug\d3d12executeindirect.ilk
c:\users\matth\desktop\d3d12executeindirect\src\obj\x64\debug\d3d12exe.9c46643a.tlog\cl.command.1.tlog
c:\users\matth\desktop\d3d12executeindirect\src\obj\x64\debug\d3d12exe.9c46643a.tlog\cl.items.tlog
c:\users\matth\desktop\d3d12executeindirect\src\obj\x64\debug\d3d12exe.9c46643a.tlog\cl.read.1.tlog
c:\users\matth\desktop\d3d12executeindirect\src\obj\x64\debug\d3d12exe.9c46643a.tlog\cl.write.1.tlog
c:\users\matth\desktop\d3d12executeindirect\src\obj\x64\debug\d3d12exe.9c46643a.tlog\custombuild.command.1.tlog
c:\users\matth\desktop\d3d12executeindirect\src\obj\x64\debug\d3d12exe.9c46643a.tlog\custombuild.read.1.tlog
c:\users\matth\desktop\d3d12executeindirect\src\obj\x64\debug\d3d12exe.9c46643a.tlog\custombuild.write.1.tlog
c:\users\matth\desktop\d3d12executeindirect\src\obj\x64\debug\d3d12exe.9c46643a.tlog\link.command.1.tlog
c:\users\matth\desktop\d3d12executeindirect\src\obj\x64\debug\d3d12exe.9c46643a.tlog\link.read.1.tlog
c:\users\matth\desktop\d3d12executeindirect\src\obj\x64\debug\d3d12exe.9c46643a.tlog\link.secondary.1.tlog
c:\users\matth\desktop\d3d12executeindirect\src\obj\x64\debug\d3d12exe.9c46643a.tlog\link.write.1.tlog
